{"C:\\Users\\gleis\\OneDrive\\Área de Trabalho\\AULAS\\testes-backend-2-template\\src\\types.ts": {"path":"C:\\Users\\gleis\\OneDrive\\Área de Trabalho\\AULAS\\testes-backend-2-template\\src\\types.ts","statementMap":{"0":{"start":{"line":1,"column":0},"end":{"line":1,"column":null}},"1":{"start":{"line":2,"column":4},"end":{"line":2,"column":null}},"2":{"start":{"line":3,"column":4},"end":{"line":3,"column":null}}},"fnMap":{"0":{"name":"(anonymous_0)","decl":{"start":{"line":1,"column":0},"end":{"line":1,"column":12}},"loc":{"start":{"line":1,"column":22},"end":{"line":4,"column":1}}}},"branchMap":{"0":{"loc":{"start":{"line":1,"column":12},"end":{"line":1,"column":null}},"type":"binary-expr","locations":[{"start":{"line":1,"column":12},"end":{"line":1,"column":22}},{"start":{"line":1,"column":12},"end":{"line":1,"column":null}}]}},"s":{"0":2,"1":2,"2":2},"f":{"0":2},"b":{"0":[2,2]}}
,"C:\\Users\\gleis\\OneDrive\\Área de Trabalho\\AULAS\\testes-backend-2-template\\src\\business\\UserBusiness.ts": {"path":"C:\\Users\\gleis\\OneDrive\\Área de Trabalho\\AULAS\\testes-backend-2-template\\src\\business\\UserBusiness.ts","statementMap":{"0":{"start":{"line":3,"column":0},"end":{"line":3,"column":60}},"1":{"start":{"line":4,"column":0},"end":{"line":4,"column":56}},"2":{"start":{"line":5,"column":0},"end":{"line":5,"column":38}},"3":{"start":{"line":9,"column":0},"end":{"line":9,"column":60}},"4":{"start":{"line":13,"column":16},"end":{"line":13,"column":42}},"5":{"start":{"line":14,"column":16},"end":{"line":14,"column":40}},"6":{"start":{"line":15,"column":16},"end":{"line":15,"column":42}},"7":{"start":{"line":16,"column":16},"end":{"line":16,"column":40}},"8":{"start":{"line":19,"column":11},"end":{"line":71,"column":null}},"9":{"start":{"line":19,"column":78},"end":{"line":71,"column":null}},"10":{"start":{"line":20,"column":42},"end":{"line":20,"column":47}},"11":{"start":{"line":22,"column":8},"end":{"line":24,"column":null}},"12":{"start":{"line":23,"column":12},"end":{"line":23,"column":null}},"13":{"start":{"line":26,"column":8},"end":{"line":28,"column":null}},"14":{"start":{"line":27,"column":12},"end":{"line":27,"column":null}},"15":{"start":{"line":30,"column":8},"end":{"line":32,"column":null}},"16":{"start":{"line":31,"column":12},"end":{"line":31,"column":null}},"17":{"start":{"line":34,"column":35},"end":{"line":34,"column":77}},"18":{"start":{"line":36,"column":8},"end":{"line":38,"column":null}},"19":{"start":{"line":37,"column":12},"end":{"line":37,"column":null}},"20":{"start":{"line":40,"column":19},"end":{"line":40,"column":46}},"21":{"start":{"line":41,"column":31},"end":{"line":41,"column":68}},"22":{"start":{"line":42,"column":21},"end":{"line":42,"column":38}},"23":{"start":{"line":43,"column":26},"end":{"line":43,"column":50}},"24":{"start":{"line":45,"column":24},"end":{"line":51,"column":null}},"25":{"start":{"line":54,"column":23},"end":{"line":54,"column":42}},"26":{"start":{"line":56,"column":8},"end":{"line":56,"column":null}},"27":{"start":{"line":58,"column":38},"end":{"line":62,"column":null}},"28":{"start":{"line":64,"column":22},"end":{"line":64,"column":60}},"29":{"start":{"line":66,"column":40},"end":{"line":68,"column":null}},"30":{"start":{"line":70,"column":8},"end":{"line":70,"column":null}},"31":{"start":{"line":73,"column":11},"end":{"line":121,"column":null}},"32":{"start":{"line":73,"column":75},"end":{"line":121,"column":null}},"33":{"start":{"line":74,"column":36},"end":{"line":74,"column":41}},"34":{"start":{"line":76,"column":8},"end":{"line":78,"column":null}},"35":{"start":{"line":77,"column":12},"end":{"line":77,"column":null}},"36":{"start":{"line":80,"column":8},"end":{"line":82,"column":null}},"37":{"start":{"line":81,"column":12},"end":{"line":81,"column":null}},"38":{"start":{"line":84,"column":43},"end":{"line":84,"column":85}},"39":{"start":{"line":86,"column":8},"end":{"line":88,"column":null}},"40":{"start":{"line":87,"column":12},"end":{"line":87,"column":null}},"41":{"start":{"line":90,"column":21},"end":{"line":96,"column":null}},"42":{"start":{"line":99,"column":31},"end":{"line":99,"column":49}},"43":{"start":{"line":101,"column":34},"end":{"line":102,"column":46}},"44":{"start":{"line":104,"column":8},"end":{"line":106,"column":null}},"45":{"start":{"line":105,"column":12},"end":{"line":105,"column":null}},"46":{"start":{"line":108,"column":38},"end":{"line":112,"column":null}},"47":{"start":{"line":114,"column":22},"end":{"line":114,"column":60}},"48":{"start":{"line":116,"column":39},"end":{"line":118,"column":null}},"49":{"start":{"line":120,"column":8},"end":{"line":120,"column":null}},"50":{"start":{"line":123,"column":11},"end":{"line":140,"column":null}},"51":{"start":{"line":123,"column":57},"end":{"line":140,"column":null}},"52":{"start":{"line":124,"column":24},"end":{"line":124,"column":56}},"53":{"start":{"line":126,"column":23},"end":{"line":137,"column":10}},"54":{"start":{"line":127,"column":25},"end":{"line":133,"column":null}},"55":{"start":{"line":136,"column":12},"end":{"line":136,"column":null}},"56":{"start":{"line":139,"column":8},"end":{"line":139,"column":null}},"57":{"start":{"line":11,"column":0},"end":{"line":11,"column":13}}},"fnMap":{"0":{"name":"(anonymous_7)","decl":{"start":{"line":12,"column":4},"end":{"line":12,"column":null}},"loc":{"start":{"line":16,"column":40},"end":{"line":17,"column":8}}},"1":{"name":"(anonymous_8)","decl":{"start":{"line":19,"column":20},"end":{"line":19,"column":27}},"loc":{"start":{"line":19,"column":78},"end":{"line":71,"column":null}}},"2":{"name":"(anonymous_9)","decl":{"start":{"line":19,"column":78},"end":{"line":19,"column":null}},"loc":{"start":{"line":19,"column":78},"end":{"line":71,"column":5}}},"3":{"name":"(anonymous_10)","decl":{"start":{"line":73,"column":19},"end":{"line":73,"column":26}},"loc":{"start":{"line":73,"column":75},"end":{"line":121,"column":null}}},"4":{"name":"(anonymous_11)","decl":{"start":{"line":73,"column":75},"end":{"line":73,"column":null}},"loc":{"start":{"line":73,"column":75},"end":{"line":121,"column":5}}},"5":{"name":"(anonymous_12)","decl":{"start":{"line":123,"column":20},"end":{"line":123,"column":55}},"loc":{"start":{"line":123,"column":57},"end":{"line":140,"column":null}}},"6":{"name":"(anonymous_13)","decl":{"start":{"line":123,"column":57},"end":{"line":123,"column":null}},"loc":{"start":{"line":123,"column":57},"end":{"line":140,"column":5}}},"7":{"name":"(anonymous_14)","decl":{"start":{"line":126,"column":35},"end":{"line":126,"column":36}},"loc":{"start":{"line":126,"column":46},"end":{"line":137,"column":9}}}},"branchMap":{"0":{"loc":{"start":{"line":22,"column":8},"end":{"line":24,"column":null}},"type":"if","locations":[{"start":{"line":22,"column":8},"end":{"line":24,"column":null}}]},"1":{"loc":{"start":{"line":26,"column":8},"end":{"line":28,"column":null}},"type":"if","locations":[{"start":{"line":26,"column":8},"end":{"line":28,"column":null}}]},"2":{"loc":{"start":{"line":30,"column":8},"end":{"line":32,"column":null}},"type":"if","locations":[{"start":{"line":30,"column":8},"end":{"line":32,"column":null}}]},"3":{"loc":{"start":{"line":36,"column":8},"end":{"line":38,"column":null}},"type":"if","locations":[{"start":{"line":36,"column":8},"end":{"line":38,"column":null}}]},"4":{"loc":{"start":{"line":76,"column":8},"end":{"line":78,"column":null}},"type":"if","locations":[{"start":{"line":76,"column":8},"end":{"line":78,"column":null}}]},"5":{"loc":{"start":{"line":80,"column":8},"end":{"line":82,"column":null}},"type":"if","locations":[{"start":{"line":80,"column":8},"end":{"line":82,"column":null}}]},"6":{"loc":{"start":{"line":86,"column":8},"end":{"line":88,"column":null}},"type":"if","locations":[{"start":{"line":86,"column":8},"end":{"line":88,"column":null}}]},"7":{"loc":{"start":{"line":104,"column":8},"end":{"line":106,"column":null}},"type":"if","locations":[{"start":{"line":104,"column":8},"end":{"line":106,"column":null}}]}},"s":{"0":2,"1":2,"2":2,"3":2,"4":2,"5":2,"6":2,"7":2,"8":2,"9":0,"10":0,"11":0,"12":0,"13":0,"14":0,"15":0,"16":0,"17":0,"18":0,"19":0,"20":0,"21":0,"22":0,"23":0,"24":0,"25":0,"26":0,"27":0,"28":0,"29":0,"30":0,"31":2,"32":1,"33":1,"34":1,"35":0,"36":1,"37":0,"38":1,"39":1,"40":0,"41":1,"42":1,"43":1,"44":1,"45":0,"46":1,"47":1,"48":1,"49":1,"50":2,"51":1,"52":1,"53":1,"54":2,"55":2,"56":1,"57":2},"f":{"0":2,"1":0,"2":0,"3":1,"4":1,"5":1,"6":1,"7":2},"b":{"0":[0],"1":[0],"2":[0],"3":[0],"4":[0],"5":[0],"6":[0],"7":[0]}}
,"C:\\Users\\gleis\\OneDrive\\Área de Trabalho\\AULAS\\testes-backend-2-template\\src\\database\\BaseDatabase.ts": {"path":"C:\\Users\\gleis\\OneDrive\\Área de Trabalho\\AULAS\\testes-backend-2-template\\src\\database\\BaseDatabase.ts","statementMap":{"0":{"start":{"line":1,"column":0},"end":{"line":1,"column":27}},"1":{"start":{"line":2,"column":0},"end":{"line":2,"column":27}},"2":{"start":{"line":4,"column":0},"end":{"line":4,"column":null}},"3":{"start":{"line":6,"column":0},"end":{"line":6,"column":22}},"4":{"start":{"line":7,"column":21},"end":{"line":20,"column":null}},"5":{"start":{"line":17,"column":16},"end":{"line":17,"column":null}}},"fnMap":{"0":{"name":"(anonymous_1)","decl":{"start":{"line":16,"column":25},"end":{"line":16,"column":26}},"loc":{"start":{"line":16,"column":48},"end":{"line":18,"column":13}}}},"branchMap":{},"s":{"0":2,"1":2,"2":2,"3":2,"4":2,"5":0},"f":{"0":0},"b":{}}
,"C:\\Users\\gleis\\OneDrive\\Área de Trabalho\\AULAS\\testes-backend-2-template\\src\\errors\\BadRequestError.ts": {"path":"C:\\Users\\gleis\\OneDrive\\Área de Trabalho\\AULAS\\testes-backend-2-template\\src\\errors\\BadRequestError.ts","statementMap":{"0":{"start":{"line":1,"column":0},"end":{"line":1,"column":40}},"1":{"start":{"line":7,"column":8},"end":{"line":7,"column":null}},"2":{"start":{"line":3,"column":0},"end":{"line":3,"column":13}}},"fnMap":{"0":{"name":"(anonymous_0)","decl":{"start":{"line":4,"column":4},"end":{"line":4,"column":null}},"loc":{"start":{"line":5,"column":47},"end":{"line":8,"column":5}}}},"branchMap":{"0":{"loc":{"start":{"line":5,"column":8},"end":{"line":5,"column":47}},"type":"default-arg","locations":[{"start":{"line":5,"column":26},"end":{"line":5,"column":47}}]}},"s":{"0":2,"1":0,"2":2},"f":{"0":0},"b":{"0":[0]}}
,"C:\\Users\\gleis\\OneDrive\\Área de Trabalho\\AULAS\\testes-backend-2-template\\src\\errors\\BaseError.ts": {"path":"C:\\Users\\gleis\\OneDrive\\Área de Trabalho\\AULAS\\testes-backend-2-template\\src\\errors\\BaseError.ts","statementMap":{"0":{"start":{"line":6,"column":8},"end":{"line":6,"column":null}},"1":{"start":{"line":3,"column":15},"end":{"line":3,"column":33}},"2":{"start":{"line":1,"column":0},"end":{"line":1,"column":22}}},"fnMap":{"0":{"name":"(anonymous_0)","decl":{"start":{"line":2,"column":4},"end":{"line":2,"column":null}},"loc":{"start":{"line":4,"column":23},"end":{"line":7,"column":5}}}},"branchMap":{},"s":{"0":0,"1":0,"2":2},"f":{"0":0},"b":{}}
,"C:\\Users\\gleis\\OneDrive\\Área de Trabalho\\AULAS\\testes-backend-2-template\\src\\errors\\NotFoundError.ts": {"path":"C:\\Users\\gleis\\OneDrive\\Área de Trabalho\\AULAS\\testes-backend-2-template\\src\\errors\\NotFoundError.ts","statementMap":{"0":{"start":{"line":1,"column":0},"end":{"line":1,"column":40}},"1":{"start":{"line":7,"column":8},"end":{"line":7,"column":null}},"2":{"start":{"line":3,"column":0},"end":{"line":3,"column":13}}},"fnMap":{"0":{"name":"(anonymous_0)","decl":{"start":{"line":4,"column":4},"end":{"line":4,"column":null}},"loc":{"start":{"line":5,"column":50},"end":{"line":8,"column":5}}}},"branchMap":{"0":{"loc":{"start":{"line":5,"column":8},"end":{"line":5,"column":50}},"type":"default-arg","locations":[{"start":{"line":5,"column":26},"end":{"line":5,"column":50}}]}},"s":{"0":2,"1":0,"2":2},"f":{"0":0},"b":{"0":[0]}}
,"C:\\Users\\gleis\\OneDrive\\Área de Trabalho\\AULAS\\testes-backend-2-template\\src\\models\\User.ts": {"path":"C:\\Users\\gleis\\OneDrive\\Área de Trabalho\\AULAS\\testes-backend-2-template\\src\\models\\User.ts","statementMap":{"0":{"start":{"line":5,"column":16},"end":{"line":5,"column":26}},"1":{"start":{"line":6,"column":16},"end":{"line":6,"column":28}},"2":{"start":{"line":7,"column":16},"end":{"line":7,"column":29}},"3":{"start":{"line":8,"column":16},"end":{"line":8,"column":32}},"4":{"start":{"line":9,"column":16},"end":{"line":9,"column":32}},"5":{"start":{"line":10,"column":16},"end":{"line":10,"column":33}},"6":{"start":{"line":14,"column":8},"end":{"line":14,"column":null}},"7":{"start":{"line":18,"column":8},"end":{"line":18,"column":null}},"8":{"start":{"line":22,"column":8},"end":{"line":22,"column":null}},"9":{"start":{"line":26,"column":8},"end":{"line":26,"column":null}},"10":{"start":{"line":30,"column":8},"end":{"line":30,"column":null}},"11":{"start":{"line":34,"column":8},"end":{"line":34,"column":null}},"12":{"start":{"line":38,"column":8},"end":{"line":38,"column":null}},"13":{"start":{"line":42,"column":8},"end":{"line":42,"column":null}},"14":{"start":{"line":46,"column":8},"end":{"line":46,"column":null}},"15":{"start":{"line":50,"column":8},"end":{"line":50,"column":null}},"16":{"start":{"line":54,"column":8},"end":{"line":54,"column":null}},"17":{"start":{"line":58,"column":8},"end":{"line":58,"column":null}},"18":{"start":{"line":62,"column":8},"end":{"line":69,"column":null}},"19":{"start":{"line":73,"column":8},"end":{"line":80,"column":null}},"20":{"start":{"line":3,"column":0},"end":{"line":3,"column":13}}},"fnMap":{"0":{"name":"(anonymous_0)","decl":{"start":{"line":4,"column":4},"end":{"line":4,"column":null}},"loc":{"start":{"line":10,"column":33},"end":{"line":11,"column":8}}},"1":{"name":"(anonymous_1)","decl":{"start":{"line":13,"column":11},"end":{"line":13,"column":16}},"loc":{"start":{"line":13,"column":16},"end":{"line":15,"column":5}}},"2":{"name":"(anonymous_2)","decl":{"start":{"line":17,"column":11},"end":{"line":17,"column":16}},"loc":{"start":{"line":17,"column":30},"end":{"line":19,"column":5}}},"3":{"name":"(anonymous_3)","decl":{"start":{"line":21,"column":11},"end":{"line":21,"column":18}},"loc":{"start":{"line":21,"column":18},"end":{"line":23,"column":5}}},"4":{"name":"(anonymous_4)","decl":{"start":{"line":25,"column":11},"end":{"line":25,"column":18}},"loc":{"start":{"line":25,"column":32},"end":{"line":27,"column":5}}},"5":{"name":"(anonymous_5)","decl":{"start":{"line":29,"column":11},"end":{"line":29,"column":19}},"loc":{"start":{"line":29,"column":19},"end":{"line":31,"column":5}}},"6":{"name":"(anonymous_6)","decl":{"start":{"line":33,"column":11},"end":{"line":33,"column":19}},"loc":{"start":{"line":33,"column":33},"end":{"line":35,"column":5}}},"7":{"name":"(anonymous_7)","decl":{"start":{"line":37,"column":11},"end":{"line":37,"column":22}},"loc":{"start":{"line":37,"column":22},"end":{"line":39,"column":5}}},"8":{"name":"(anonymous_8)","decl":{"start":{"line":41,"column":11},"end":{"line":41,"column":22}},"loc":{"start":{"line":41,"column":36},"end":{"line":43,"column":5}}},"9":{"name":"(anonymous_9)","decl":{"start":{"line":45,"column":11},"end":{"line":45,"column":18}},"loc":{"start":{"line":45,"column":18},"end":{"line":47,"column":5}}},"10":{"name":"(anonymous_10)","decl":{"start":{"line":49,"column":11},"end":{"line":49,"column":18}},"loc":{"start":{"line":49,"column":36},"end":{"line":51,"column":5}}},"11":{"name":"(anonymous_11)","decl":{"start":{"line":53,"column":11},"end":{"line":53,"column":23}},"loc":{"start":{"line":53,"column":23},"end":{"line":55,"column":5}}},"12":{"name":"(anonymous_12)","decl":{"start":{"line":57,"column":11},"end":{"line":57,"column":23}},"loc":{"start":{"line":57,"column":37},"end":{"line":59,"column":5}}},"13":{"name":"(anonymous_13)","decl":{"start":{"line":61,"column":11},"end":{"line":61,"column":20}},"loc":{"start":{"line":61,"column":20},"end":{"line":70,"column":5}}},"14":{"name":"(anonymous_14)","decl":{"start":{"line":72,"column":11},"end":{"line":72,"column":26}},"loc":{"start":{"line":72,"column":26},"end":{"line":81,"column":5}}}},"branchMap":{},"s":{"0":3,"1":3,"2":3,"3":3,"4":3,"5":3,"6":1,"7":0,"8":1,"9":0,"10":0,"11":0,"12":1,"13":0,"14":1,"15":0,"16":0,"17":0,"18":0,"19":2,"20":2},"f":{"0":3,"1":1,"2":0,"3":1,"4":0,"5":0,"6":0,"7":1,"8":0,"9":1,"10":0,"11":0,"12":0,"13":0,"14":2},"b":{}}
,"C:\\Users\\gleis\\OneDrive\\Área de Trabalho\\AULAS\\testes-backend-2-template\\tests\\mocks\\HashManagerMock.ts": {"path":"C:\\Users\\gleis\\OneDrive\\Área de Trabalho\\AULAS\\testes-backend-2-template\\tests\\mocks\\HashManagerMock.ts","statementMap":{"0":{"start":{"line":2,"column":11},"end":{"line":8,"column":null}},"1":{"start":{"line":2,"column":63},"end":{"line":8,"column":null}},"2":{"start":{"line":3,"column":8},"end":{"line":5,"column":null}},"3":{"start":{"line":4,"column":12},"end":{"line":4,"column":null}},"4":{"start":{"line":7,"column":8},"end":{"line":7,"column":null}},"5":{"start":{"line":10,"column":11},"end":{"line":16,"column":null}},"6":{"start":{"line":10,"column":81},"end":{"line":16,"column":null}},"7":{"start":{"line":11,"column":8},"end":{"line":13,"column":null}},"8":{"start":{"line":12,"column":12},"end":{"line":12,"column":null}},"9":{"start":{"line":15,"column":8},"end":{"line":15,"column":null}},"10":{"start":{"line":1,"column":0},"end":{"line":1,"column":13}}},"fnMap":{"0":{"name":"(anonymous_7)","decl":{"start":{"line":1,"column":0},"end":{"line":1,"column":13}},"loc":{"start":{"line":1,"column":0},"end":{"line":17,"column":1}}},"1":{"name":"(anonymous_8)","decl":{"start":{"line":2,"column":18},"end":{"line":2,"column":25}},"loc":{"start":{"line":2,"column":63},"end":{"line":8,"column":null}}},"2":{"name":"(anonymous_9)","decl":{"start":{"line":2,"column":63},"end":{"line":2,"column":null}},"loc":{"start":{"line":2,"column":63},"end":{"line":8,"column":5}}},"3":{"name":"(anonymous_10)","decl":{"start":{"line":10,"column":21},"end":{"line":10,"column":28}},"loc":{"start":{"line":10,"column":81},"end":{"line":16,"column":null}}},"4":{"name":"(anonymous_11)","decl":{"start":{"line":10,"column":81},"end":{"line":10,"column":null}},"loc":{"start":{"line":10,"column":81},"end":{"line":16,"column":5}}}},"branchMap":{"0":{"loc":{"start":{"line":3,"column":8},"end":{"line":5,"column":null}},"type":"if","locations":[{"start":{"line":3,"column":8},"end":{"line":5,"column":null}}]},"1":{"loc":{"start":{"line":11,"column":8},"end":{"line":13,"column":null}},"type":"if","locations":[{"start":{"line":11,"column":8},"end":{"line":13,"column":null}}]},"2":{"loc":{"start":{"line":11,"column":12},"end":{"line":11,"column":64}},"type":"binary-expr","locations":[{"start":{"line":11,"column":12},"end":{"line":11,"column":36}},{"start":{"line":11,"column":40},"end":{"line":11,"column":64}}]}},"s":{"0":2,"1":0,"2":0,"3":0,"4":0,"5":2,"6":1,"7":1,"8":1,"9":0,"10":2},"f":{"0":2,"1":0,"2":0,"3":1,"4":1},"b":{"0":[0],"1":[1],"2":[1,1]}}
,"C:\\Users\\gleis\\OneDrive\\Área de Trabalho\\AULAS\\testes-backend-2-template\\tests\\mocks\\IdGeneratorMock.ts": {"path":"C:\\Users\\gleis\\OneDrive\\Área de Trabalho\\AULAS\\testes-backend-2-template\\tests\\mocks\\IdGeneratorMock.ts","statementMap":{"0":{"start":{"line":3,"column":8},"end":{"line":3,"column":null}},"1":{"start":{"line":1,"column":0},"end":{"line":1,"column":13}}},"fnMap":{"0":{"name":"(anonymous_0)","decl":{"start":{"line":2,"column":11},"end":{"line":2,"column":19}},"loc":{"start":{"line":2,"column":19},"end":{"line":4,"column":5}}}},"branchMap":{},"s":{"0":0,"1":2},"f":{"0":0},"b":{}}
,"C:\\Users\\gleis\\OneDrive\\Área de Trabalho\\AULAS\\testes-backend-2-template\\tests\\mocks\\TokenManagerMock.ts": {"path":"C:\\Users\\gleis\\OneDrive\\Área de Trabalho\\AULAS\\testes-backend-2-template\\tests\\mocks\\TokenManagerMock.ts","statementMap":{"0":{"start":{"line":1,"column":0},"end":{"line":1,"column":58}},"1":{"start":{"line":5,"column":11},"end":{"line":11,"column":null}},"2":{"start":{"line":6,"column":8},"end":{"line":10,"column":null}},"3":{"start":{"line":7,"column":12},"end":{"line":7,"column":null}},"4":{"start":{"line":9,"column":12},"end":{"line":9,"column":null}},"5":{"start":{"line":13,"column":11},"end":{"line":31,"column":null}},"6":{"start":{"line":14,"column":8},"end":{"line":30,"column":null}},"7":{"start":{"line":15,"column":12},"end":{"line":19,"column":null}},"8":{"start":{"line":21,"column":15},"end":{"line":30,"column":null}},"9":{"start":{"line":22,"column":12},"end":{"line":26,"column":null}},"10":{"start":{"line":29,"column":12},"end":{"line":29,"column":null}},"11":{"start":{"line":3,"column":0},"end":{"line":3,"column":13}}},"fnMap":{"0":{"name":"(anonymous_0)","decl":{"start":{"line":3,"column":0},"end":{"line":3,"column":13}},"loc":{"start":{"line":3,"column":0},"end":{"line":32,"column":1}}},"1":{"name":"(anonymous_1)","decl":{"start":{"line":5,"column":25},"end":{"line":5,"column":26}},"loc":{"start":{"line":5,"column":59},"end":{"line":11,"column":5}}},"2":{"name":"(anonymous_2)","decl":{"start":{"line":13,"column":24},"end":{"line":13,"column":25}},"loc":{"start":{"line":13,"column":63},"end":{"line":31,"column":5}}}},"branchMap":{"0":{"loc":{"start":{"line":6,"column":8},"end":{"line":10,"column":null}},"type":"if","locations":[{"start":{"line":6,"column":8},"end":{"line":10,"column":null}},{"start":{"line":8,"column":15},"end":{"line":10,"column":null}}]},"1":{"loc":{"start":{"line":14,"column":8},"end":{"line":30,"column":null}},"type":"if","locations":[{"start":{"line":14,"column":8},"end":{"line":30,"column":null}},{"start":{"line":21,"column":15},"end":{"line":30,"column":null}}]},"2":{"loc":{"start":{"line":21,"column":15},"end":{"line":30,"column":null}},"type":"if","locations":[{"start":{"line":21,"column":15},"end":{"line":30,"column":null}},{"start":{"line":28,"column":15},"end":{"line":30,"column":null}}]}},"s":{"0":2,"1":2,"2":1,"3":1,"4":0,"5":2,"6":0,"7":0,"8":0,"9":0,"10":0,"11":2},"f":{"0":2,"1":1,"2":0},"b":{"0":[1,0],"1":[0,0],"2":[0,0]}}
,"C:\\Users\\gleis\\OneDrive\\Área de Trabalho\\AULAS\\testes-backend-2-template\\tests\\mocks\\UserDatabaseMock.ts": {"path":"C:\\Users\\gleis\\OneDrive\\Área de Trabalho\\AULAS\\testes-backend-2-template\\tests\\mocks\\UserDatabaseMock.ts","statementMap":{"0":{"start":{"line":1,"column":0},"end":{"line":1,"column":62}},"1":{"start":{"line":2,"column":0},"end":{"line":2,"column":52}},"2":{"start":{"line":7,"column":11},"end":{"line":9,"column":null}},"3":{"start":{"line":7,"column":60},"end":{"line":9,"column":null}},"4":{"start":{"line":11,"column":11},"end":{"line":34,"column":null}},"5":{"start":{"line":11,"column":79},"end":{"line":34,"column":null}},"6":{"start":{"line":12,"column":8},"end":{"line":33,"column":null}},"7":{"start":{"line":14,"column":16},"end":{"line":21,"column":null}},"8":{"start":{"line":23,"column":16},"end":{"line":30,"column":null}},"9":{"start":{"line":32,"column":16},"end":{"line":32,"column":null}},"10":{"start":{"line":36,"column":11},"end":{"line":55,"column":null}},"11":{"start":{"line":36,"column":51},"end":{"line":55,"column":null}},"12":{"start":{"line":37,"column":8},"end":{"line":54,"column":null}},"13":{"start":{"line":4,"column":0},"end":{"line":4,"column":13}},"14":{"start":{"line":5,"column":18},"end":{"line":5,"column":null}}},"fnMap":{"0":{"name":"(anonymous_7)","decl":{"start":{"line":4,"column":0},"end":{"line":4,"column":13}},"loc":{"start":{"line":4,"column":0},"end":{"line":56,"column":1}}},"1":{"name":"(anonymous_8)","decl":{"start":{"line":7,"column":20},"end":{"line":7,"column":27}},"loc":{"start":{"line":7,"column":60},"end":{"line":9,"column":null}}},"2":{"name":"(anonymous_9)","decl":{"start":{"line":7,"column":60},"end":{"line":7,"column":null}},"loc":{"start":{"line":7,"column":60},"end":{"line":9,"column":5}}},"3":{"name":"(anonymous_10)","decl":{"start":{"line":11,"column":25},"end":{"line":11,"column":32}},"loc":{"start":{"line":11,"column":79},"end":{"line":34,"column":null}}},"4":{"name":"(anonymous_11)","decl":{"start":{"line":11,"column":79},"end":{"line":11,"column":null}},"loc":{"start":{"line":11,"column":79},"end":{"line":34,"column":5}}},"5":{"name":"(anonymous_12)","decl":{"start":{"line":36,"column":20},"end":{"line":36,"column":49}},"loc":{"start":{"line":36,"column":51},"end":{"line":55,"column":null}}},"6":{"name":"(anonymous_13)","decl":{"start":{"line":36,"column":51},"end":{"line":36,"column":null}},"loc":{"start":{"line":36,"column":51},"end":{"line":55,"column":5}}}},"branchMap":{"0":{"loc":{"start":{"line":12,"column":8},"end":{"line":33,"column":null}},"type":"switch","locations":[{"start":{"line":13,"column":12},"end":{"line":21,"column":null}},{"start":{"line":22,"column":12},"end":{"line":30,"column":null}},{"start":{"line":31,"column":12},"end":{"line":32,"column":null}}]}},"s":{"0":2,"1":2,"2":2,"3":0,"4":2,"5":1,"6":1,"7":1,"8":0,"9":0,"10":2,"11":1,"12":1,"13":2,"14":2},"f":{"0":2,"1":0,"2":0,"3":1,"4":1,"5":1,"6":1},"b":{"0":[1,0,0]}}
}
