TN:
SF:src\types.ts
FN:1,(anonymous_0)
FNF:1
FNH:1
FNDA:2,(anonymous_0)
DA:1,2
DA:2,2
DA:3,2
LF:3
LH:3
BRDA:1,0,0,2
BRDA:1,0,1,2
BRF:2
BRH:2
end_of_record
TN:
SF:src\business\UserBusiness.ts
FN:12,(anonymous_7)
FN:19,(anonymous_8)
FN:19,(anonymous_9)
FN:73,(anonymous_10)
FN:73,(anonymous_11)
FN:123,(anonymous_12)
FN:123,(anonymous_13)
FN:126,(anonymous_14)
FNF:8
FNH:6
FNDA:2,(anonymous_7)
FNDA:0,(anonymous_8)
FNDA:0,(anonymous_9)
FNDA:1,(anonymous_10)
FNDA:1,(anonymous_11)
FNDA:1,(anonymous_12)
FNDA:1,(anonymous_13)
FNDA:2,(anonymous_14)
DA:3,2
DA:4,2
DA:5,2
DA:9,2
DA:11,2
DA:13,2
DA:14,2
DA:15,2
DA:16,2
DA:19,2
DA:20,0
DA:22,0
DA:23,0
DA:26,0
DA:27,0
DA:30,0
DA:31,0
DA:34,0
DA:36,0
DA:37,0
DA:40,0
DA:41,0
DA:42,0
DA:43,0
DA:45,0
DA:54,0
DA:56,0
DA:58,0
DA:64,0
DA:66,0
DA:70,0
DA:73,2
DA:74,1
DA:76,1
DA:77,0
DA:80,1
DA:81,0
DA:84,1
DA:86,1
DA:87,0
DA:90,1
DA:99,1
DA:101,1
DA:104,1
DA:105,0
DA:108,1
DA:114,1
DA:116,1
DA:120,1
DA:123,2
DA:124,1
DA:126,1
DA:127,2
DA:136,2
DA:139,1
LF:55
LH:30
BRDA:22,0,0,0
BRDA:26,1,0,0
BRDA:30,2,0,0
BRDA:36,3,0,0
BRDA:76,4,0,0
BRDA:80,5,0,0
BRDA:86,6,0,0
BRDA:104,7,0,0
BRF:8
BRH:0
end_of_record
TN:
SF:src\database\BaseDatabase.ts
FN:16,(anonymous_1)
FNF:1
FNH:0
FNDA:0,(anonymous_1)
DA:1,2
DA:2,2
DA:4,2
DA:6,2
DA:7,2
DA:17,0
LF:6
LH:5
BRF:0
BRH:0
end_of_record
TN:
SF:src\errors\BadRequestError.ts
FN:4,(anonymous_0)
FNF:1
FNH:0
FNDA:0,(anonymous_0)
DA:1,2
DA:3,2
DA:7,0
LF:3
LH:2
BRDA:5,0,0,0
BRF:1
BRH:0
end_of_record
TN:
SF:src\errors\BaseError.ts
FN:2,(anonymous_0)
FNF:1
FNH:0
FNDA:0,(anonymous_0)
DA:1,2
DA:3,0
DA:6,0
LF:3
LH:1
BRF:0
BRH:0
end_of_record
TN:
SF:src\errors\NotFoundError.ts
FN:4,(anonymous_0)
FNF:1
FNH:0
FNDA:0,(anonymous_0)
DA:1,2
DA:3,2
DA:7,0
LF:3
LH:2
BRDA:5,0,0,0
BRF:1
BRH:0
end_of_record
TN:
SF:src\models\User.ts
FN:4,(anonymous_0)
FN:13,(anonymous_1)
FN:17,(anonymous_2)
FN:21,(anonymous_3)
FN:25,(anonymous_4)
FN:29,(anonymous_5)
FN:33,(anonymous_6)
FN:37,(anonymous_7)
FN:41,(anonymous_8)
FN:45,(anonymous_9)
FN:49,(anonymous_10)
FN:53,(anonymous_11)
FN:57,(anonymous_12)
FN:61,(anonymous_13)
FN:72,(anonymous_14)
FNF:15
FNH:6
FNDA:3,(anonymous_0)
FNDA:1,(anonymous_1)
FNDA:0,(anonymous_2)
FNDA:1,(anonymous_3)
FNDA:0,(anonymous_4)
FNDA:0,(anonymous_5)
FNDA:0,(anonymous_6)
FNDA:1,(anonymous_7)
FNDA:0,(anonymous_8)
FNDA:1,(anonymous_9)
FNDA:0,(anonymous_10)
FNDA:0,(anonymous_11)
FNDA:0,(anonymous_12)
FNDA:0,(anonymous_13)
FNDA:2,(anonymous_14)
DA:3,2
DA:5,3
DA:6,3
DA:7,3
DA:8,3
DA:9,3
DA:10,3
DA:14,1
DA:18,0
DA:22,1
DA:26,0
DA:30,0
DA:34,0
DA:38,1
DA:42,0
DA:46,1
DA:50,0
DA:54,0
DA:58,0
DA:62,0
DA:73,2
LF:21
LH:12
BRF:0
BRH:0
end_of_record
TN:
SF:tests\mocks\HashManagerMock.ts
FN:1,(anonymous_7)
FN:2,(anonymous_8)
FN:2,(anonymous_9)
FN:10,(anonymous_10)
FN:10,(anonymous_11)
FNF:5
FNH:3
FNDA:2,(anonymous_7)
FNDA:0,(anonymous_8)
FNDA:0,(anonymous_9)
FNDA:1,(anonymous_10)
FNDA:1,(anonymous_11)
DA:1,2
DA:2,2
DA:3,0
DA:4,0
DA:7,0
DA:10,2
DA:11,1
DA:12,1
DA:15,0
LF:9
LH:5
BRDA:3,0,0,0
BRDA:11,1,0,1
BRDA:11,2,0,1
BRDA:11,2,1,1
BRF:4
BRH:3
end_of_record
TN:
SF:tests\mocks\IdGeneratorMock.ts
FN:2,(anonymous_0)
FNF:1
FNH:0
FNDA:0,(anonymous_0)
DA:1,2
DA:3,0
LF:2
LH:1
BRF:0
BRH:0
end_of_record
TN:
SF:tests\mocks\TokenManagerMock.ts
FN:3,(anonymous_0)
FN:5,(anonymous_1)
FN:13,(anonymous_2)
FNF:3
FNH:2
FNDA:2,(anonymous_0)
FNDA:1,(anonymous_1)
FNDA:0,(anonymous_2)
DA:1,2
DA:3,2
DA:5,2
DA:6,1
DA:7,1
DA:9,0
DA:13,2
DA:14,0
DA:15,0
DA:21,0
DA:22,0
DA:29,0
LF:12
LH:6
BRDA:6,0,0,1
BRDA:6,0,1,0
BRDA:14,1,0,0
BRDA:14,1,1,0
BRDA:21,2,0,0
BRDA:21,2,1,0
BRF:6
BRH:1
end_of_record
TN:
SF:tests\mocks\UserDatabaseMock.ts
FN:4,(anonymous_7)
FN:7,(anonymous_8)
FN:7,(anonymous_9)
FN:11,(anonymous_10)
FN:11,(anonymous_11)
FN:36,(anonymous_12)
FN:36,(anonymous_13)
FNF:7
FNH:5
FNDA:2,(anonymous_7)
FNDA:0,(anonymous_8)
FNDA:0,(anonymous_9)
FNDA:1,(anonymous_10)
FNDA:1,(anonymous_11)
FNDA:1,(anonymous_12)
FNDA:1,(anonymous_13)
DA:1,2
DA:2,2
DA:4,2
DA:5,2
DA:7,2
DA:11,2
DA:12,1
DA:14,1
DA:23,0
DA:32,0
DA:36,2
DA:37,1
LF:12
LH:10
BRDA:12,0,0,1
BRDA:12,0,1,0
BRDA:12,0,2,0
BRF:3
BRH:1
end_of_record
